<?xml version="1.0" encoding="UTF-8"?>
<testng-results ignored="0" total="2" passed="2" failed="0" skipped="0">
  <reporter-output>
  </reporter-output>
  <suite started-at="2024-03-16T12:44:16 IST" name="Suite" finished-at="2024-03-16T12:44:27 IST" duration-ms="11368">
    <groups>
    </groups>
    <test started-at="2024-03-16T12:44:16 IST" name="Test" finished-at="2024-03-16T12:44:27 IST" duration-ms="11368">
      <class name="parameters.Parameter_basic">
        <test-method signature="dws(java.lang.String,java.lang.String)[pri:0, instance:parameters.Parameter_basic@470f1802]" started-at="2024-03-16T12:44:16 IST" name="dws" finished-at="2024-03-16T12:44:22 IST" duration-ms="6495" status="PASS">
          <params>
            <param index="0">
              <value>
                <![CDATA[https://www.amazon.in/]]>
              </value>
            </param>
            <param index="1">
              <value>
                <![CDATA[https://www.flipkart.com/]]>
              </value>
            </param>
          </params>
          <reporter-output>
          </reporter-output>
        </test-method> <!-- dws -->
        <test-method signature="dws1(java.lang.String,java.lang.String)[pri:0, instance:parameters.Parameter_basic@470f1802]" started-at="2024-03-16T12:44:22 IST" name="dws1" finished-at="2024-03-16T12:44:27 IST" duration-ms="4837" status="PASS">
          <params>
            <param index="0">
              <value>
                <![CDATA[https://www.amazon.in/]]>
              </value>
            </param>
            <param index="1">
              <value>
                <![CDATA[https://www.flipkart.com/]]>
              </value>
            </param>
          </params>
          <reporter-output>
          </reporter-output>
        </test-method> <!-- dws1 -->
      </class> <!-- parameters.Parameter_basic -->
    </test> <!-- Test -->
  </suite> <!-- Suite -->
</testng-results>
